<?xml version="1.0" encoding="UTF-8"?>
<!-- Generated by org.testng.reporters.JUnitXMLReporter -->
<testsuite ignored="0" hostname="DESKTOP-GC5HGKU" failures="5" tests="5" name="Test" time="63.132" errors="0" timestamp="2023-06-06T13:52:33 IST">
  <testcase classname="com.OrangeHRM.testScript.TC_HomePage" name="verifyTestCases" time="0.195">
    <failure type="java.lang.AssertionError" message="expected [Paul Collin] but found [Poojaambrish A]">
      <![CDATA[java.lang.AssertionError: expected [Paul Collin] but found [Poojaambrish A]
at com.OrangeHRM.testScript.TC_HomePage.verifyTestCases(TC_HomePage.java:61)
at java.base/java.util.ArrayList.forEach(ArrayList.java:1511)
... Removed 33 stack frames]]>
    </failure>
  </testcase> <!-- verifyTestCases -->
  <testcase classname="com.OrangeHRM.testScript.TC_HomePage" name="verifyTestCases" time="0.029">
    <failure type="java.lang.AssertionError" message="expected [Paul Collin] but found [Poojaambrish A]">
      <![CDATA[java.lang.AssertionError: expected [Paul Collin] but found [Poojaambrish A]
at com.OrangeHRM.testScript.TC_HomePage.verifyTestCases(TC_HomePage.java:61)
at java.base/java.util.ArrayList.forEach(ArrayList.java:1511)
... Removed 33 stack frames]]>
    </failure>
  </testcase> <!-- verifyTestCases -->
  <testcase classname="com.OrangeHRM.testScript.TC_HomePage" name="verifyTestCases" time="0.186">
    <failure type="java.lang.AssertionError" message="expected [Paul Collin] but found [Poojaambrish A]">
      <![CDATA[java.lang.AssertionError: expected [Paul Collin] but found [Poojaambrish A]
at com.OrangeHRM.testScript.TC_HomePage.verifyTestCases(TC_HomePage.java:61)
at java.base/java.util.ArrayList.forEach(ArrayList.java:1511)
... Removed 33 stack frames]]>
    </failure>
  </testcase> <!-- verifyTestCases -->
  <testcase classname="com.OrangeHRM.testScript.TC_HomePage" name="verifyTestCases" time="0.059">
    <failure type="java.lang.AssertionError" message="expected [Paul Collin] but found [Poojaambrish A]">
      <![CDATA[java.lang.AssertionError: expected [Paul Collin] but found [Poojaambrish A]
at com.OrangeHRM.testScript.TC_HomePage.verifyTestCases(TC_HomePage.java:61)
at java.base/java.util.ArrayList.forEach(ArrayList.java:1511)
... Removed 33 stack frames]]>
    </failure>
  </testcase> <!-- verifyTestCases -->
  <testcase classname="com.OrangeHRM.testScript.TC_HomePage" name="verifyTestCases" time="0.121">
    <failure type="java.lang.AssertionError" message="expected [Paul Collin] but found [Poojaambrish A]">
      <![CDATA[java.lang.AssertionError: expected [Paul Collin] but found [Poojaambrish A]
at com.OrangeHRM.testScript.TC_HomePage.verifyTestCases(TC_HomePage.java:61)
at java.base/java.util.ArrayList.forEach(ArrayList.java:1511)
... Removed 33 stack frames]]>
    </failure>
  </testcase> <!-- verifyTestCases -->
</testsuite> <!-- Test -->
