<?xml version="1.0" encoding="UTF-8"?>
<testng-results ignored="0" total="1" passed="1" failed="0" skipped="0">
  <reporter-output>
  </reporter-output>
  <suite started-at="2023-06-13T10:55:00 IST" name="Default suite" finished-at="2023-06-13T10:55:05 IST" duration-ms="4793">
    <groups>
    </groups>
    <test started-at="2023-06-13T10:55:00 IST" name="Default test" finished-at="2023-06-13T10:55:05 IST" duration-ms="4793">
      <class name="Qagroup.MavenComandSureFire.propertyFiledata">
        <test-method signature="getData()[pri:0, instance:Qagroup.MavenComandSureFire.propertyFiledata@5f9b2141]" started-at="2023-06-13T10:55:00 IST" name="getData" finished-at="2023-06-13T10:55:05 IST" duration-ms="4744" status="PASS">
          <reporter-output>
          </reporter-output>
        </test-method> <!-- getData -->
      </class> <!-- Qagroup.MavenComandSureFire.propertyFiledata -->
    </test> <!-- Default test -->
  </suite> <!-- Default suite -->
</testng-results>
